TN:
SF:src/components/ProtectedRoute.jsx
FN:4,(anonymous_0)
FN:5,(anonymous_1)
FNF:2
FNH:2
FNDA:11,(anonymous_0)
FNDA:22,(anonymous_1)
DA:4,1
DA:5,22
DA:7,11
DA:8,1
DA:15,10
DA:16,3
DA:19,7
DA:20,3
DA:23,4
LF:9
LH:9
BRDA:7,0,0,1
BRDA:7,0,1,10
BRDA:15,1,0,3
BRDA:15,1,1,7
BRDA:15,2,0,10
BRDA:15,2,1,8
BRDA:19,3,0,3
BRDA:19,3,1,4
BRDA:19,4,0,7
BRDA:19,4,1,6
BRF:10
BRH:10
end_of_record
TN:
SF:src/features/applications/applicationsSlice.js
FN:6,(anonymous_0)
FN:18,(anonymous_1)
FN:30,(anonymous_2)
FN:42,(anonymous_3)
FN:61,(anonymous_4)
FN:65,(anonymous_5)
FN:67,(anonymous_6)
FN:71,(anonymous_7)
FN:75,(anonymous_8)
FN:79,(anonymous_9)
FN:83,(anonymous_10)
FN:87,(anonymous_11)
FN:91,(anonymous_12)
FN:95,(anonymous_13)
FN:99,(anonymous_14)
FN:103,(anonymous_15)
FN:107,(anonymous_16)
FN:109,(anonymous_17)
FNF:18
FNH:4
FNDA:0,(anonymous_0)
FNDA:0,(anonymous_1)
FNDA:0,(anonymous_2)
FNDA:0,(anonymous_3)
FNDA:0,(anonymous_4)
FNDA:1,(anonymous_5)
FNDA:0,(anonymous_6)
FNDA:0,(anonymous_7)
FNDA:0,(anonymous_8)
FNDA:0,(anonymous_9)
FNDA:0,(anonymous_10)
FNDA:0,(anonymous_11)
FNDA:0,(anonymous_12)
FNDA:0,(anonymous_13)
FNDA:0,(anonymous_14)
FNDA:14,(anonymous_15)
FNDA:56,(anonymous_16)
FNDA:42,(anonymous_17)
DA:4,1
DA:7,0
DA:8,0
DA:9,0
DA:11,0
DA:16,1
DA:19,0
DA:20,0
DA:21,0
DA:23,0
DA:28,1
DA:31,0
DA:32,0
DA:33,0
DA:35,0
DA:40,1
DA:43,0
DA:44,0
DA:45,0
DA:47,0
DA:52,1
DA:62,0
DA:66,1
DA:68,0
DA:69,0
DA:72,0
DA:73,0
DA:76,0
DA:77,0
DA:80,0
DA:81,0
DA:84,0
DA:85,0
DA:88,0
DA:89,0
DA:92,0
DA:93,0
DA:96,0
DA:97,0
DA:100,0
DA:101,0
DA:104,14
DA:106,14
DA:107,14
DA:108,56
DA:109,42
DA:112,14
DA:113,14
DA:119,1
LF:49
LH:14
BRDA:11,0,0,0
BRDA:11,0,1,0
BRDA:23,1,0,0
BRDA:23,1,1,0
BRDA:35,2,0,0
BRDA:35,2,1,0
BRDA:47,3,0,0
BRDA:47,3,1,0
BRDA:112,4,0,14
BRDA:112,4,1,0
BRF:10
BRH:1
end_of_record
TN:
SF:src/services/api.js
FN:8,(anonymous_0)
FN:17,(anonymous_1)
FN:18,(anonymous_2)
FNF:3
FNH:0
FNDA:0,(anonymous_0)
FNDA:0,(anonymous_1)
FNDA:0,(anonymous_2)
DA:3,1
DA:8,1
DA:9,0
DA:10,0
DA:11,0
DA:13,0
DA:16,1
DA:17,0
DA:19,0
DA:20,0
DA:21,0
DA:23,0
LF:12
LH:3
BRDA:4,0,0,1
BRDA:4,0,1,1
BRDA:10,1,0,0
BRDA:10,1,1,0
BRDA:19,2,0,0
BRDA:19,2,1,0
BRF:6
BRH:2
end_of_record
