<?xml version="1.0" encoding="UTF-8"?>
<coverage generated="1777224704650" clover="3.2.0">
  <project timestamp="1777224704650" name="All files">
    <metrics statements="23" coveredstatements="23" conditionals="45" coveredconditionals="42" methods="6" coveredmethods="6" elements="74" coveredelements="71" complexity="0" loc="23" ncloc="23" packages="1" files="2" classes="2"/>
    <file name="anonymity.js" path="/Users/danyloyunak/devcognito/backend/src/utils/anonymity.js">
      <metrics statements="8" coveredstatements="8" conditionals="21" coveredconditionals="20" methods="2" coveredmethods="2"/>
      <line num="1" count="1" type="stmt"/>
      <line num="3" count="8" type="stmt"/>
      <line num="5" count="1" type="cond" truecount="1" falsecount="0"/>
      <line num="6" count="15" type="cond" truecount="1" falsecount="1"/>
      <line num="8" count="15" type="cond" truecount="2" falsecount="0"/>
      <line num="9" count="7" type="stmt"/>
      <line num="25" count="8" type="stmt"/>
      <line num="39" count="1" type="stmt"/>
    </file>
    <file name="match.js" path="/Users/danyloyunak/devcognito/backend/src/utils/match.js">
      <metrics statements="15" coveredstatements="15" conditionals="24" coveredconditionals="22" methods="4" coveredmethods="4"/>
      <line num="1" count="38" type="cond" truecount="1" falsecount="1"/>
      <line num="3" count="1" type="stmt"/>
      <line num="4" count="12" type="cond" truecount="1" falsecount="1"/>
      <line num="5" count="12" type="cond" truecount="2" falsecount="0"/>
      <line num="7" count="12" type="stmt"/>
      <line num="8" count="12" type="stmt"/>
      <line num="10" count="22" type="stmt"/>
      <line num="15" count="12" type="cond" truecount="2" falsecount="0"/>
      <line num="19" count="12" type="cond" truecount="6" falsecount="0"/>
      <line num="22" count="12" type="cond" truecount="2" falsecount="0"/>
      <line num="23" count="12" type="cond" truecount="2" falsecount="0"/>
      <line num="24" count="12" type="cond" truecount="2" falsecount="0"/>
      <line num="25" count="12" type="cond" truecount="4" falsecount="0"/>
      <line num="27" count="12" type="stmt"/>
      <line num="30" count="1" type="stmt"/>
    </file>
  </project>
</coverage>
