{"/Users/danyloyunak/devcognito/backend/src/utils/anonymity.js": {"path":"/Users/danyloyunak/devcognito/backend/src/utils/anonymity.js","statementMap":{"0":{"start":{"line":1,"column":24},"end":{"line":1,"column":55}},"1":{"start":{"line":3,"column":30},"end":{"line":3,"column":91}},"2":{"start":{"line":3,"column":53},"end":{"line":3,"column":91}},"3":{"start":{"line":5,"column":38},"end":{"line":37,"column":1}},"4":{"start":{"line":6,"column":18},"end":{"line":6,"column":41}},"5":{"start":{"line":8,"column":2},"end":{"line":22,"column":3}},"6":{"start":{"line":9,"column":4},"end":{"line":21,"column":6}},"7":{"start":{"line":25,"column":2},"end":{"line":36,"column":4}},"8":{"start":{"line":39,"column":0},"end":{"line":42,"column":2}}},"fnMap":{"0":{"name":"(anonymous_0)","decl":{"start":{"line":3,"column":30},"end":{"line":3,"column":31}},"loc":{"start":{"line":3,"column":53},"end":{"line":3,"column":91}},"line":3},"1":{"name":"(anonymous_1)","decl":{"start":{"line":5,"column":38},"end":{"line":5,"column":39}},"loc":{"start":{"line":5,"column":76},"end":{"line":37,"column":1}},"line":5}},"branchMap":{"0":{"loc":{"start":{"line":5,"column":52},"end":{"line":5,"column":69}},"type":"default-arg","locations":[{"start":{"line":5,"column":64},"end":{"line":5,"column":69}}],"line":5},"1":{"loc":{"start":{"line":6,"column":18},"end":{"line":6,"column":41}},"type":"binary-expr","locations":[{"start":{"line":6,"column":18},"end":{"line":6,"column":35}},{"start":{"line":6,"column":39},"end":{"line":6,"column":41}}],"line":6},"2":{"loc":{"start":{"line":8,"column":2},"end":{"line":22,"column":3}},"type":"if","locations":[{"start":{"line":8,"column":2},"end":{"line":22,"column":3}},{"start":{},"end":{}}],"line":8},"3":{"loc":{"start":{"line":14,"column":18},"end":{"line":14,"column":40}},"type":"binary-expr","locations":[{"start":{"line":14,"column":18},"end":{"line":14,"column":34}},{"start":{"line":14,"column":38},"end":{"line":14,"column":40}}],"line":14},"4":{"loc":{"start":{"line":15,"column":18},"end":{"line":15,"column":40}},"type":"binary-expr","locations":[{"start":{"line":15,"column":18},"end":{"line":15,"column":34}},{"start":{"line":15,"column":38},"end":{"line":15,"column":40}}],"line":15},"5":{"loc":{"start":{"line":16,"column":16},"end":{"line":16,"column":36}},"type":"binary-expr","locations":[{"start":{"line":16,"column":16},"end":{"line":16,"column":30}},{"start":{"line":16,"column":34},"end":{"line":16,"column":36}}],"line":16},"6":{"loc":{"start":{"line":17,"column":25},"end":{"line":17,"column":53}},"type":"binary-expr","locations":[{"start":{"line":17,"column":25},"end":{"line":17,"column":48}},{"start":{"line":17,"column":52},"end":{"line":17,"column":53}}],"line":17},"7":{"loc":{"start":{"line":18,"column":24},"end":{"line":18,"column":51}},"type":"binary-expr","locations":[{"start":{"line":18,"column":24},"end":{"line":18,"column":46}},{"start":{"line":18,"column":50},"end":{"line":18,"column":51}}],"line":18},"8":{"loc":{"start":{"line":31,"column":14},"end":{"line":31,"column":34}},"type":"binary-expr","locations":[{"start":{"line":31,"column":14},"end":{"line":31,"column":28}},{"start":{"line":31,"column":32},"end":{"line":31,"column":34}}],"line":31},"9":{"loc":{"start":{"line":32,"column":23},"end":{"line":32,"column":51}},"type":"binary-expr","locations":[{"start":{"line":32,"column":23},"end":{"line":32,"column":46}},{"start":{"line":32,"column":50},"end":{"line":32,"column":51}}],"line":32},"10":{"loc":{"start":{"line":33,"column":22},"end":{"line":33,"column":49}},"type":"binary-expr","locations":[{"start":{"line":33,"column":22},"end":{"line":33,"column":44}},{"start":{"line":33,"column":48},"end":{"line":33,"column":49}}],"line":33}},"s":{"0":1,"1":1,"2":8,"3":1,"4":15,"5":15,"6":7,"7":8,"8":1},"f":{"0":8,"1":15},"b":{"0":[1],"1":[15,0],"2":[7,8],"3":[7,1],"4":[7,1],"5":[7,1],"6":[7,1],"7":[7,1],"8":[8,1],"9":[8,1],"10":[8,1]},"_coverageSchema":"1a1c01bbd47fc00a2c39e90264f33305004495a9","hash":"a5ab7f2b7da3aae83b35a6e40858e424b1132ff6"}
,"/Users/danyloyunak/devcognito/backend/src/utils/match.js": {"path":"/Users/danyloyunak/devcognito/backend/src/utils/match.js","statementMap":{"0":{"start":{"line":1,"column":19},"end":{"line":1,"column":99}},"1":{"start":{"line":1,"column":29},"end":{"line":1,"column":99}},"2":{"start":{"line":1,"column":64},"end":{"line":1,"column":97}},"3":{"start":{"line":3,"column":33},"end":{"line":28,"column":1}},"4":{"start":{"line":4,"column":25},"end":{"line":4,"column":54}},"5":{"start":{"line":5,"column":26},"end":{"line":5,"column":57}},"6":{"start":{"line":7,"column":22},"end":{"line":7,"column":48}},"7":{"start":{"line":8,"column":23},"end":{"line":8,"column":50}},"8":{"start":{"line":10,"column":24},"end":{"line":10,"column":90}},"9":{"start":{"line":10,"column":59},"end":{"line":10,"column":82}},"10":{"start":{"line":15,"column":4},"end":{"line":15,"column":73}},"11":{"start":{"line":19,"column":4},"end":{"line":19,"column":92}},"12":{"start":{"line":22,"column":25},"end":{"line":22,"column":63}},"13":{"start":{"line":23,"column":20},"end":{"line":23,"column":50}},"14":{"start":{"line":24,"column":20},"end":{"line":24,"column":50}},"15":{"start":{"line":25,"column":22},"end":{"line":25,"column":89}},"16":{"start":{"line":27,"column":2},"end":{"line":27,"column":65}},"17":{"start":{"line":30,"column":0},"end":{"line":32,"column":2}}},"fnMap":{"0":{"name":"(anonymous_0)","decl":{"start":{"line":1,"column":19},"end":{"line":1,"column":20}},"loc":{"start":{"line":1,"column":29},"end":{"line":1,"column":99}},"line":1},"1":{"name":"(anonymous_1)","decl":{"start":{"line":1,"column":54},"end":{"line":1,"column":55}},"loc":{"start":{"line":1,"column":64},"end":{"line":1,"column":97}},"line":1},"2":{"name":"(anonymous_2)","decl":{"start":{"line":3,"column":33},"end":{"line":3,"column":34}},"loc":{"start":{"line":3,"column":61},"end":{"line":28,"column":1}},"line":3},"3":{"name":"(anonymous_3)","decl":{"start":{"line":10,"column":48},"end":{"line":10,"column":49}},"loc":{"start":{"line":10,"column":59},"end":{"line":10,"column":82}},"line":10}},"branchMap":{"0":{"loc":{"start":{"line":1,"column":38},"end":{"line":1,"column":48}},"type":"binary-expr","locations":[{"start":{"line":1,"column":38},"end":{"line":1,"column":42}},{"start":{"line":1,"column":46},"end":{"line":1,"column":48}}],"line":1},"1":{"loc":{"start":{"line":4,"column":25},"end":{"line":4,"column":54}},"type":"binary-expr","locations":[{"start":{"line":4,"column":25},"end":{"line":4,"column":48}},{"start":{"line":4,"column":52},"end":{"line":4,"column":54}}],"line":4},"2":{"loc":{"start":{"line":5,"column":26},"end":{"line":5,"column":57}},"type":"binary-expr","locations":[{"start":{"line":5,"column":26},"end":{"line":5,"column":51}},{"start":{"line":5,"column":55},"end":{"line":5,"column":57}}],"line":5},"3":{"loc":{"start":{"line":15,"column":4},"end":{"line":15,"column":73}},"type":"cond-expr","locations":[{"start":{"line":15,"column":29},"end":{"line":15,"column":31}},{"start":{"line":15,"column":34},"end":{"line":15,"column":73}}],"line":15},"4":{"loc":{"start":{"line":19,"column":4},"end":{"line":19,"column":92}},"type":"cond-expr","locations":[{"start":{"line":19,"column":86},"end":{"line":19,"column":88}},{"start":{"line":19,"column":91},"end":{"line":19,"column":92}}],"line":19},"5":{"loc":{"start":{"line":19,"column":5},"end":{"line":19,"column":44}},"type":"binary-expr","locations":[{"start":{"line":19,"column":5},"end":{"line":19,"column":39}},{"start":{"line":19,"column":43},"end":{"line":19,"column":44}}],"line":19},"6":{"loc":{"start":{"line":19,"column":50},"end":{"line":19,"column":82}},"type":"binary-expr","locations":[{"start":{"line":19,"column":50},"end":{"line":19,"column":77}},{"start":{"line":19,"column":81},"end":{"line":19,"column":82}}],"line":19},"7":{"loc":{"start":{"line":22,"column":25},"end":{"line":22,"column":63}},"type":"binary-expr","locations":[{"start":{"line":22,"column":25},"end":{"line":22,"column":58}},{"start":{"line":22,"column":62},"end":{"line":22,"column":63}}],"line":22},"8":{"loc":{"start":{"line":23,"column":20},"end":{"line":23,"column":50}},"type":"binary-expr","locations":[{"start":{"line":23,"column":20},"end":{"line":23,"column":45}},{"start":{"line":23,"column":49},"end":{"line":23,"column":50}}],"line":23},"9":{"loc":{"start":{"line":24,"column":20},"end":{"line":24,"column":50}},"type":"binary-expr","locations":[{"start":{"line":24,"column":20},"end":{"line":24,"column":45}},{"start":{"line":24,"column":49},"end":{"line":24,"column":50}}],"line":24},"10":{"loc":{"start":{"line":25,"column":22},"end":{"line":25,"column":89}},"type":"cond-expr","locations":[{"start":{"line":25,"column":83},"end":{"line":25,"column":85}},{"start":{"line":25,"column":88},"end":{"line":25,"column":89}}],"line":25},"11":{"loc":{"start":{"line":25,"column":22},"end":{"line":25,"column":80}},"type":"binary-expr","locations":[{"start":{"line":25,"column":22},"end":{"line":25,"column":49}},{"start":{"line":25,"column":53},"end":{"line":25,"column":80}}],"line":25}},"s":{"0":1,"1":24,"2":38,"3":1,"4":12,"5":12,"6":12,"7":12,"8":12,"9":22,"10":12,"11":12,"12":12,"13":12,"14":12,"15":12,"16":12,"17":1},"f":{"0":24,"1":38,"2":12,"3":22},"b":{"0":[24,0],"1":[12,0],"2":[12,1],"3":[1,11],"4":[8,4],"5":[12,3],"6":[12,1],"7":[12,2],"8":[12,1],"9":[12,1],"10":[7,5],"11":[12,11]},"_coverageSchema":"1a1c01bbd47fc00a2c39e90264f33305004495a9","hash":"a36e4a2677f8d1b720206cbe9e31812f1f52bc0c"}
}
