TN:
SF:src/utils/anonymity.js
FN:3,(anonymous_0)
FN:5,(anonymous_1)
FNF:2
FNH:2
FNDA:8,(anonymous_0)
FNDA:15,(anonymous_1)
DA:1,1
DA:3,8
DA:5,1
DA:6,15
DA:8,15
DA:9,7
DA:25,8
DA:39,1
LF:8
LH:8
BRDA:5,0,0,1
BRDA:6,1,0,15
BRDA:6,1,1,0
BRDA:8,2,0,7
BRDA:8,2,1,8
BRDA:14,3,0,7
BRDA:14,3,1,1
BRDA:15,4,0,7
BRDA:15,4,1,1
BRDA:16,5,0,7
BRDA:16,5,1,1
BRDA:17,6,0,7
BRDA:17,6,1,1
BRDA:18,7,0,7
BRDA:18,7,1,1
BRDA:31,8,0,8
BRDA:31,8,1,1
BRDA:32,9,0,8
BRDA:32,9,1,1
BRDA:33,10,0,8
BRDA:33,10,1,1
BRF:21
BRH:20
end_of_record
TN:
SF:src/utils/match.js
FN:1,(anonymous_0)
FN:1,(anonymous_1)
FN:3,(anonymous_2)
FN:10,(anonymous_3)
FNF:4
FNH:4
FNDA:24,(anonymous_0)
FNDA:38,(anonymous_1)
FNDA:12,(anonymous_2)
FNDA:22,(anonymous_3)
DA:1,38
DA:3,1
DA:4,12
DA:5,12
DA:7,12
DA:8,12
DA:10,22
DA:15,12
DA:19,12
DA:22,12
DA:23,12
DA:24,12
DA:25,12
DA:27,12
DA:30,1
LF:15
LH:15
BRDA:1,0,0,24
BRDA:1,0,1,0
BRDA:4,1,0,12
BRDA:4,1,1,0
BRDA:5,2,0,12
BRDA:5,2,1,1
BRDA:15,3,0,1
BRDA:15,3,1,11
BRDA:19,4,0,8
BRDA:19,4,1,4
BRDA:19,5,0,12
BRDA:19,5,1,3
BRDA:19,6,0,12
BRDA:19,6,1,1
BRDA:22,7,0,12
BRDA:22,7,1,2
BRDA:23,8,0,12
BRDA:23,8,1,1
BRDA:24,9,0,12
BRDA:24,9,1,1
BRDA:25,10,0,7
BRDA:25,10,1,5
BRDA:25,11,0,12
BRDA:25,11,1,11
BRF:24
BRH:22
end_of_record
